<?xml version="1.0" encoding="UTF-8"?>
<coverage generated="1632980036898" clover="3.2.0">
  <project timestamp="1632980036898" name="All files">
    <metrics statements="17" coveredstatements="7" conditionals="17" coveredconditionals="8" methods="5" coveredmethods="1" elements="39" coveredelements="16" complexity="0" loc="17" ncloc="17" packages="1" files="1" classes="1"/>
    <file name="index.ts" path="D:\study\private-npm-modules\vue3-persistedstate\src\index.ts">
      <metrics statements="17" coveredstatements="7" conditionals="17" coveredconditionals="8" methods="5" coveredmethods="1"/>
      <line num="1" count="1" type="stmt"/>
      <line num="21" count="1" type="stmt"/>
      <line num="22" count="2" type="cond" truecount="2" falsecount="0"/>
      <line num="23" count="2" type="cond" truecount="3" falsecount="0"/>
      <line num="24" count="2" type="cond" truecount="1" falsecount="1"/>
      <line num="25" count="2" type="cond" truecount="2" falsecount="0"/>
      <line num="26" count="2" type="stmt"/>
      <line num="27" count="0" type="cond" truecount="0" falsecount="2"/>
      <line num="28" count="0" type="cond" truecount="0" falsecount="2"/>
      <line num="30" count="0" type="stmt"/>
      <line num="31" count="0" type="cond" truecount="0" falsecount="2"/>
      <line num="32" count="0" type="cond" truecount="0" falsecount="2"/>
      <line num="33" count="0" type="stmt"/>
      <line num="34" count="0" type="stmt"/>
      <line num="37" count="0" type="stmt"/>
      <line num="38" count="0" type="stmt"/>
      <line num="40" count="0" type="stmt"/>
    </file>
  </project>
</coverage>
