{"D:\\study\\private-npm-modules\\vue3-persistedstate\\src\\index.ts": {"path":"D:\\study\\private-npm-modules\\vue3-persistedstate\\src\\index.ts","statementMap":{"0":{"start":{"line":1,"column":0},"end":{"line":1,"column":null}},"1":{"start":{"line":21,"column":0},"end":{"line":21,"column":15}},"2":{"start":{"line":22,"column":2},"end":{"line":22,"column":9}},"3":{"start":{"line":23,"column":18},"end":{"line":23,"column":null}},"4":{"start":{"line":24,"column":19},"end":{"line":24,"column":null}},"5":{"start":{"line":25,"column":17},"end":{"line":25,"column":null}},"6":{"start":{"line":26,"column":2},"end":{"line":26,"column":9}},"7":{"start":{"line":27,"column":17},"end":{"line":27,"column":33}},"8":{"start":{"line":28,"column":4},"end":{"line":28,"column":8}},"9":{"start":{"line":30,"column":8},"end":{"line":30,"column":11}},"10":{"start":{"line":31,"column":8},"end":{"line":44,"column":null}},"11":{"start":{"line":32,"column":31},"end":{"line":32,"column":35}},"12":{"start":{"line":33,"column":10},"end":{"line":35,"column":null}},"13":{"start":{"line":34,"column":12},"end":{"line":34,"column":18}},"14":{"start":{"line":37,"column":10},"end":{"line":37,"column":null}},"15":{"start":{"line":38,"column":12},"end":{"line":38,"column":18}},"16":{"start":{"line":40,"column":14},"end":{"line":40,"column":21}}},"fnMap":{"0":{"name":"(anonymous_0)","decl":{"start":{"line":21,"column":15},"end":{"line":21,"column":16}},"loc":{"start":{"line":21,"column":59},"end":{"line":47,"column":null}}},"1":{"name":"(anonymous_1)","decl":{"start":{"line":26,"column":9},"end":{"line":26,"column":10}},"loc":{"start":{"line":26,"column":22},"end":{"line":46,"column":null}}},"2":{"name":"(anonymous_2)","decl":{"start":{"line":29,"column":19},"end":{"line":29,"column":20}},"loc":{"start":{"line":29,"column":36},"end":{"line":45,"column":null}}},"3":{"name":"(anonymous_3)","decl":{"start":{"line":38,"column":12},"end":{"line":38,"column":18}},"loc":{"start":{"line":38,"column":12},"end":{"line":38,"column":18}}},"4":{"name":"(anonymous_4)","decl":{"start":{"line":39,"column":12},"end":{"line":39,"column":17}},"loc":{"start":{"line":39,"column":17},"end":{"line":41,"column":null}}}},"branchMap":{"0":{"loc":{"start":{"line":22,"column":12},"end":{"line":22,"column":19}},"type":"binary-expr","locations":[{"start":{"line":22,"column":12},"end":{"line":22,"column":19}},{"start":{"line":22,"column":24},"end":{"line":22,"column":null}}]},"1":{"loc":{"start":{"line":23,"column":18},"end":{"line":23,"column":38}},"type":"binary-expr","locations":[{"start":{"line":23,"column":18},"end":{"line":23,"column":38}},{"start":{"line":23,"column":38},"end":{"line":23,"column":44}},{"start":{"line":23,"column":48},"end":{"line":23,"column":null}}]},"2":{"loc":{"start":{"line":24,"column":19},"end":{"line":24,"column":24}},"type":"binary-expr","locations":[{"start":{"line":24,"column":19},"end":{"line":24,"column":24}},{"start":{"line":24,"column":41},"end":{"line":24,"column":null}}]},"3":{"loc":{"start":{"line":25,"column":17},"end":{"line":25,"column":36}},"type":"binary-expr","locations":[{"start":{"line":25,"column":17},"end":{"line":25,"column":36}},{"start":{"line":25,"column":36},"end":{"line":25,"column":null}}]},"4":{"loc":{"start":{"line":27,"column":17},"end":{"line":27,"column":23}},"type":"binary-expr","locations":[{"start":{"line":27,"column":17},"end":{"line":27,"column":23}},{"start":{"line":27,"column":27},"end":{"line":27,"column":33}}]},"5":{"loc":{"start":{"line":28,"column":4},"end":{"line":28,"column":8}},"type":"binary-expr","locations":[{"start":{"line":28,"column":4},"end":{"line":28,"column":8}},{"start":{"line":29,"column":6},"end":{"line":29,"column":10}}]},"6":{"loc":{"start":{"line":31,"column":8},"end":{"line":44,"column":null}},"type":"if","locations":[{"start":{"line":31,"column":8},"end":{"line":44,"column":null}},{"start":{"line":31,"column":8},"end":{"line":44,"column":null}}]},"7":{"loc":{"start":{"line":32,"column":42},"end":{"line":32,"column":49}},"type":"binary-expr","locations":[{"start":{"line":32,"column":42},"end":{"line":32,"column":49}},{"start":{"line":32,"column":84},"end":{"line":32,"column":null}}]}},"s":{"0":1,"1":1,"2":2,"3":2,"4":2,"5":2,"6":2,"7":0,"8":0,"9":0,"10":0,"11":0,"12":0,"13":0,"14":0,"15":0,"16":0},"f":{"0":2,"1":0,"2":0,"3":0,"4":0},"b":{"0":[2,1],"1":[2,1,1],"2":[2,0],"3":[2,1],"4":[0,0],"5":[0,0],"6":[0,0],"7":[0,0]}}
}
